<?xml version="1.0" encoding="UTF-8"?>
<testsuite xmlns:xsi="http://www.w3.org/2001/XMLSchema-instance" xsi:noNamespaceSchemaLocation="https://maven.apache.org/surefire/maven-surefire-plugin/xsd/surefire-test-report-3.0.xsd" version="3.0" name="com.cxm.FileInstantSliceContinueTransmissionApplicationTests" time="13.763" tests="1" errors="0" skipped="0" failures="0">
  <properties>
[...]
</properties>
  <testcase name="contextLoads" classname="com.cxm.FileInstantSliceContinueTransmissionApplicationTests" time="2.676">
    <system-out><![CDATA[14:38:47.184 [main] INFO org.springframework.test.context.support.AnnotationConfigContextLoaderUtils -- Could not detect default configuration classes for test class [com.cxm.FileInstantSliceContinueTransmissionApplicationTests]: FileInstantSliceContinueTransmissionApplicationTests does not declare any static, non-private, non-final, nested classes annotated with @Configuration.
14:38:47.525 [main] INFO org.springframework.boot.test.context.SpringBootTestContextBootstrapper -- Found @SpringBootConfiguration com.cxm.FileInstantSliceContinueTransmissionApplication for test class com.cxm.FileInstantSliceContinueTransmissionApplicationTests
14:38:48.164 [main] INFO org.springframework.boot.devtools.restart.RestartApplicationListener -- Restart disabled due to context in which it is running

  .   ____          _            __ _ _
 /\\ / ___'_ __ _ _(_)_ __  __ _ \ \ \ \
( ( )\___ | '_ | '_| | '_ \/ _` | \ \ \ \
 \\/  ___)| |_)| | | | | || (_| |  ) ) ) )
  '  |____| .__|_| |_|_| |_\__, | / / / /
 =========|_|==============|___/=/_/_/_/
 :: Spring Boot ::               (v3.2.11)

2024-12-16T14:38:49.293+08:00  INFO 11032 --- [file-instant-slice-continue-transmission] [           main] liceContinueTransmissionApplicationTests : Starting FileInstantSliceContinueTransmissionApplicationTests using Java 17.0.12 with PID 11032 (started by dachengzi in D:\Springboot\file-instant-slice-continue-transmission)
2024-12-16T14:38:49.296+08:00  INFO 11032 --- [file-instant-slice-continue-transmission] [           main] liceContinueTransmissionApplicationTests : No active profile set, falling back to 1 default profile: "default"
2024-12-16T14:38:52.233+08:00  INFO 11032 --- [file-instant-slice-continue-transmission] [           main] .s.d.r.c.RepositoryConfigurationDelegate : Multiple Spring Data modules found, entering strict repository configuration mode
2024-12-16T14:38:52.247+08:00  INFO 11032 --- [file-instant-slice-continue-transmission] [           main] .s.d.r.c.RepositoryConfigurationDelegate : Bootstrapping Spring Data Redis repositories in DEFAULT mode.
2024-12-16T14:38:52.350+08:00  INFO 11032 --- [file-instant-slice-continue-transmission] [           main] .s.d.r.c.RepositoryConfigurationDelegate : Finished Spring Data repository scanning in 40 ms. Found 0 Redis repository interfaces.
2024-12-16T14:38:57.738+08:00  INFO 11032 --- [file-instant-slice-continue-transmission] [           main] liceContinueTransmissionApplicationTests : Started FileInstantSliceContinueTransmissionApplicationTests in 9.618 seconds (process running for 13.332)
]]></system-out>
  </testcase>
</testsuite>